{
  "stats": {
    "suites": 1,
    "tests": 1,
    "passes": 1,
    "pending": 0,
    "failures": 0,
    "start": "2025-12-19T16:57:34.654Z",
    "end": "2025-12-19T16:57:39.740Z",
    "duration": 5086,
    "testsRegistered": 1,
    "passPercent": 100,
    "pendingPercent": 0,
    "other": 0,
    "hasOther": false,
    "skipped": 0,
    "hasSkipped": false
  },
  "results": [
    {
      "uuid": "6d7fef04-38fd-4701-8aae-3b84d7562da4",
      "title": "",
      "fullFile": "cypress\\e2e\\Form_Validation.cy.js",
      "file": "cypress\\e2e\\Form_Validation.cy.js",
      "beforeHooks": [],
      "afterHooks": [],
      "tests": [],
      "suites": [
        {
          "uuid": "9a078c75-d4eb-4d92-ba64-cf3b9f56103e",
          "title": "Form Validation page",
          "fullFile": "",
          "file": "",
          "beforeHooks": [],
          "afterHooks": [],
          "tests": [
            {
              "title": "Validation Contact Number",
              "fullTitle": "Form Validation page Validation Contact Number",
              "timedOut": null,
              "duration": 3225,
              "state": "passed",
              "speed": "fast",
              "pass": true,
              "fail": false,
              "pending": false,
              "context": null,
              "code": "/* =========================\n        - Nhập sai / để trống\n        - Assert lỗi + border\n     ========================== */\n// nhập sai\ncy.get('input[name=\"contactnumber\"]').clear().type(\"123\");\n// submit để hiển thị validation\ncy.get(\"button[type='submit']\").click();\n// Chưa check được boder/icon-eror ??????????\ncy.get(\"#validationCustom05\").parent().find(\".invalid-feedback\").should(\"contain.text\", \"Please provide your Contact number.\").should(\"be.visible\");\n/* =========================\n   - Nhập đúng định dạng\n   - Lỗi biến mất\n========================== */\ncy.get('input[name=\"contactnumber\"]').clear().type(\"012-3456789\").blur();\n// Check invalid-feedback ẩn ( chỉ ẩn hiện bằng CSS)\ncy.get('input[name=\"contactnumber\"]').parent() //lấy thẻ cha của phần tử get(div.col-md-6)\n.find(\".invalid-feedback\").should(\"not.be.visible\");",
              "err": {},
              "uuid": "f1fcd9c7-5172-49ea-9ee8-aeb2701c0b62",
              "parentUUID": "9a078c75-d4eb-4d92-ba64-cf3b9f56103e",
              "isHook": false,
              "skipped": false
            }
          ],
          "suites": [],
          "passes": [
            "f1fcd9c7-5172-49ea-9ee8-aeb2701c0b62"
          ],
          "failures": [],
          "pending": [],
          "skipped": [],
          "duration": 3225,
          "root": false,
          "rootEmpty": false,
          "_timeout": 2000
        }
      ],
      "passes": [],
      "failures": [],
      "pending": [],
      "skipped": [],
      "duration": 0,
      "root": true,
      "rootEmpty": true,
      "_timeout": 2000
    }
  ],
  "meta": {
    "mocha": {
      "version": "7.2.0"
    },
    "mochawesome": {
      "options": {
        "quiet": false,
        "reportFilename": "mochawesome",
        "saveHtml": true,
        "saveJson": true,
        "consoleReporter": "spec",
        "useInlineDiffs": false,
        "code": true
      },
      "version": "7.1.4"
    },
    "marge": {
      "options": {
        "reportDir": "cypress/reports",
        "overwrite": false,
        "html": true,
        "json": true
      },
      "version": "6.3.2"
    }
  }
}