{
  "stats": {
    "suites": 1,
    "tests": 3,
    "passes": 3,
    "pending": 0,
    "failures": 0,
    "start": "2025-12-19T16:57:41.540Z",
    "end": "2025-12-19T16:57:48.819Z",
    "duration": 7279,
    "testsRegistered": 3,
    "passPercent": 100,
    "pendingPercent": 0,
    "other": 0,
    "hasOther": false,
    "skipped": 0,
    "hasSkipped": false
  },
  "results": [
    {
      "uuid": "520d69c6-3327-4c99-a29e-bd20a852e98d",
      "title": "",
      "fullFile": "cypress\\e2e\\Locators.cy.js",
      "file": "cypress\\e2e\\Locators.cy.js",
      "beforeHooks": [],
      "afterHooks": [],
      "tests": [],
      "suites": [
        {
          "uuid": "37f94a0c-49f4-4b5f-8cfe-0d9d273dbc24",
          "title": "Locators page - Cypress + POM",
          "fullFile": "",
          "file": "",
          "beforeHooks": [],
          "afterHooks": [],
          "tests": [
            {
              "title": "01 - Verify locators (Role/Text/Label/Placeholder/Alt/Title/TestId/Class)",
              "fullTitle": "Locators page - Cypress + POM 01 - Verify locators (Role/Text/Label/Placeholder/Alt/Title/TestId/Class)",
              "timedOut": null,
              "duration": 2864,
              "state": "passed",
              "speed": "fast",
              "pass": true,
              "fail": false,
              "pending": false,
              "context": null,
              "code": "// 1. getByRole: nút Contact\npage.btnContact().should(\"be.visible\");\n// 2. getByText\npage.hotDealBanner().should(\"be.visible\");\n// 3. getByLabel: 2 input theo label\npage.countryInput().should(\"be.visible\");\npage.newsletterEmailInput().should(\"be.visible\");\n// 4. getByPlaceHolder\npage.searchInput().should(\"be.visible\");\n// 5. getByAltText\npage.userAvatarImg().should(\"be.visible\");\n// 6. getByTitle\npage.settingsPanel().should(\"be.visible\");\n// 7. getByTestId\npage.statusMessage().should(\"be.visible\");\npage.userName().should(\"be.visible\");\n// 8. Legacy class\npage.legacyTarget().should(\"be.visible\");",
              "err": {},
              "uuid": "2940ddff-5a9d-48f1-9f5f-e7f293bbd9bf",
              "parentUUID": "37f94a0c-49f4-4b5f-8cfe-0d9d273dbc24",
              "isHook": false,
              "skipped": false
            },
            {
              "title": "XPath – List: đếm số <li> trong legacy list = 3",
              "fullTitle": "Locators page - Cypress + POM XPath – List: đếm số <li> trong legacy list = 3",
              "timedOut": null,
              "duration": 1218,
              "state": "passed",
              "speed": "fast",
              "pass": true,
              "fail": false,
              "pending": false,
              "context": null,
              "code": "page.legacyListItems().should(\"have.length\", 3);",
              "err": {},
              "uuid": "d4dd4f88-2add-4250-8e74-1a33f0007c92",
              "parentUUID": "37f94a0c-49f4-4b5f-8cfe-0d9d273dbc24",
              "isHook": false,
              "skipped": false
            },
            {
              "title": "03 - XPath table: Stock của \"Headphones\" = 12; Tổng stock Status=Available = 17",
              "fullTitle": "Locators page - Cypress + POM 03 - XPath table: Stock của \"Headphones\" = 12; Tổng stock Status=Available = 17",
              "timedOut": null,
              "duration": 1272,
              "state": "passed",
              "speed": "fast",
              "pass": true,
              "fail": false,
              "pending": false,
              "context": null,
              "code": "// 10a: stock headphones\npage.stockOfHeadphones().invoke(\"text\").then(txt => Number(txt.trim())).should(\"eq\", 12);\n// 10b: sum stock available\npage.availableStocksCells().then($cells => {\n  const sum = [...$cells].reduce((acc, cell) => {\n    const n = Number(cell.innerText.trim());\n    return acc + (Number.isFinite(n) ? n : 0);\n  }, 0);\n  expect(sum).to.eq(17);\n});",
              "err": {},
              "uuid": "aadce74d-e7a3-4fae-b92d-945dd16a23c8",
              "parentUUID": "37f94a0c-49f4-4b5f-8cfe-0d9d273dbc24",
              "isHook": false,
              "skipped": false
            }
          ],
          "suites": [],
          "passes": [
            "2940ddff-5a9d-48f1-9f5f-e7f293bbd9bf",
            "d4dd4f88-2add-4250-8e74-1a33f0007c92",
            "aadce74d-e7a3-4fae-b92d-945dd16a23c8"
          ],
          "failures": [],
          "pending": [],
          "skipped": [],
          "duration": 5354,
          "root": false,
          "rootEmpty": false,
          "_timeout": 2000
        }
      ],
      "passes": [],
      "failures": [],
      "pending": [],
      "skipped": [],
      "duration": 0,
      "root": true,
      "rootEmpty": true,
      "_timeout": 2000
    }
  ],
  "meta": {
    "mocha": {
      "version": "7.2.0"
    },
    "mochawesome": {
      "options": {
        "quiet": false,
        "reportFilename": "mochawesome",
        "saveHtml": true,
        "saveJson": true,
        "consoleReporter": "spec",
        "useInlineDiffs": false,
        "code": true
      },
      "version": "7.1.4"
    },
    "marge": {
      "options": {
        "reportDir": "cypress/reports",
        "overwrite": false,
        "html": true,
        "json": true
      },
      "version": "6.3.2"
    }
  }
}