{
  "stats": {
    "suites": 1,
    "tests": 1,
    "passes": 1,
    "pending": 0,
    "failures": 0,
    "start": "2025-12-19T16:54:17.200Z",
    "end": "2025-12-19T16:54:27.845Z",
    "duration": 10645,
    "testsRegistered": 1,
    "passPercent": 100,
    "pendingPercent": 0,
    "other": 0,
    "hasOther": false,
    "skipped": 0,
    "hasSkipped": false
  },
  "results": [
    {
      "uuid": "69ffc423-5616-4f61-8a01-6e57fcade2bf",
      "title": "",
      "fullFile": "cypress\\e2e\\BT12-13-14-15.cy.js",
      "file": "cypress\\e2e\\BT12-13-14-15.cy.js",
      "beforeHooks": [],
      "afterHooks": [],
      "tests": [],
      "suites": [
        {
          "uuid": "c8607df0-fcc4-4215-87de-d8f5b68bab97",
          "title": "BT15 Dynamic Controls ",
          "fullFile": "",
          "file": "",
          "beforeHooks": [],
          "afterHooks": [],
          "tests": [
            {
              "title": "BT15-Enable/Disable",
              "fullTitle": "BT15 Dynamic Controls  BT15-Enable/Disable",
              "timedOut": null,
              "duration": 8927,
              "state": "passed",
              "speed": "medium",
              "pass": true,
              "fail": false,
              "pending": false,
              "context": null,
              "code": "cy.visit(\"https://practice.expandtesting.com/dynamic-controls\");\nconst inputBox = () => cy.get(\"#input-example\");\n//Click Enable\ninputBox().contains(\"button\", \"Enable\").click();\n//  Chờ cho đến khi quá trình tải hoàn tất.\ninputBox().find(\"#loading\").should(\"not.be.visible\");\n// Check input = enabled \ninputBox().find('input[type=\"text\"]').should(\"be.enabled\");\n// Click Disable\ninputBox().contains(\"button\", \"Disable\").click();\n// Wait loading invisible and check disabled\ninputBox().find(\"#loading\").should(\"not.be.visible\");\ninputBox().find('input[type=\"text\"]').should(\"be.disabled\");",
              "err": {},
              "uuid": "85263c7e-47a7-412d-9b7b-175055c6856c",
              "parentUUID": "c8607df0-fcc4-4215-87de-d8f5b68bab97",
              "isHook": false,
              "skipped": false
            }
          ],
          "suites": [],
          "passes": [
            "85263c7e-47a7-412d-9b7b-175055c6856c"
          ],
          "failures": [],
          "pending": [],
          "skipped": [],
          "duration": 8927,
          "root": false,
          "rootEmpty": false,
          "_timeout": 2000
        }
      ],
      "passes": [],
      "failures": [],
      "pending": [],
      "skipped": [],
      "duration": 0,
      "root": true,
      "rootEmpty": true,
      "_timeout": 2000
    }
  ],
  "meta": {
    "mocha": {
      "version": "7.2.0"
    },
    "mochawesome": {
      "options": {
        "quiet": false,
        "reportFilename": "mochawesome",
        "saveHtml": true,
        "saveJson": true,
        "consoleReporter": "spec",
        "useInlineDiffs": false,
        "code": true
      },
      "version": "7.1.4"
    },
    "marge": {
      "options": {
        "reportDir": "cypress/reports",
        "overwrite": false,
        "html": true,
        "json": true
      },
      "version": "6.3.2"
    }
  }
}